
> react-kavia@0.1.0 start
> react-scripts start

(node:554) [DEP_WEBPACK_DEV_SERVER_ON_AFTER_SETUP_MIDDLEWARE] DeprecationWarning: 'onAfterSetupMiddleware' option is deprecated. Please use the 'setupMiddlewares' option.
(Use `node --trace-deprecation ...` to show where the warning was created)
(node:554) [DEP_WEBPACK_DEV_SERVER_ON_BEFORE_SETUP_MIDDLEWARE] DeprecationWarning: 'onBeforeSetupMiddleware' option is deprecated. Please use the 'setupMiddlewares' option.
Starting the development server...

Compiled successfully!

You can now view react-kavia in the browser.

  Local:            http://localhost:3000
  On Your Network:  http://172.17.0.2:3000

Note that the development build is not optimized.
To create a production build, use npm run build.

webpack compiled successfully
Compiling...
Failed to compile.

Module not found: Error: Can't resolve './styles/gameStyles.css' in '/home/kavia/workspace/code-generation/questforge-97559-97565/questforge/src'
WARNING in [eslint] 
src/App.js
  Line 86:6:  React Hook useEffect has missing dependencies: 'calculateVisibleTiles', 'character.position', 'map.height', and 'map.width'. Either include them or remove the dependency array. You can also replace multiple useState variables with useReducer if 'setMap' needs the current value of 'character.position'  react-hooks/exhaustive-deps

ERROR in ./src/App.js 7:0-33
Module not found: Error: Can't resolve './styles/gameStyles.css' in '/home/kavia/workspace/code-generation/questforge-97559-97565/questforge/src'

ERROR in ./src/App.js 8:0-63
Module not found: Error: Can't resolve './components/CharacterCreation' in '/home/kavia/workspace/code-generation/questforge-97559-97565/questforge/src'

ERROR in ./src/App.js 9:0-57
Module not found: Error: Can't resolve './components/MapExploration' in '/home/kavia/workspace/code-generation/questforge-97559-97565/questforge/src'

ERROR in ./src/App.js 10:0-53
Module not found: Error: Can't resolve './components/CombatSystem' in '/home/kavia/workspace/code-generation/questforge-97559-97565/questforge/src'

ERROR in ./src/App.js 11:0-47
Module not found: Error: Can't resolve './components/Inventory' in '/home/kavia/workspace/code-generation/questforge-97559-97565/questforge/src'

ERROR in ./src/App.js 12:0-51
Module not found: Error: Can't resolve './components/StatDisplay' in '/home/kavia/workspace/code-generation/questforge-97559-97565/questforge/src'

ERROR in ./src/App.js 13:0-45
Module not found: Error: Can't resolve './components/GameOver' in '/home/kavia/workspace/code-generation/questforge-97559-97565/questforge/src'

webpack compiled with 7 errors and 1 warning
Compiling...
Failed to compile.

Module not found: Error: Can't resolve './components/CharacterCreation' in '/home/kavia/workspace/code-generation/questforge-97559-97565/questforge/src'
WARNING in [eslint] 
src/App.js
  Line 86:6:  React Hook useEffect has missing dependencies: 'calculateVisibleTiles', 'character.position', 'map.height', and 'map.width'. Either include them or remove the dependency array. You can also replace multiple useState variables with useReducer if 'setMap' needs the current value of 'character.position'  react-hooks/exhaustive-deps

ERROR in ./src/App.js 8:0-63
Module not found: Error: Can't resolve './components/CharacterCreation' in '/home/kavia/workspace/code-generation/questforge-97559-97565/questforge/src'

ERROR in ./src/App.js 9:0-57
Module not found: Error: Can't resolve './components/MapExploration' in '/home/kavia/workspace/code-generation/questforge-97559-97565/questforge/src'

ERROR in ./src/App.js 10:0-53
Module not found: Error: Can't resolve './components/CombatSystem' in '/home/kavia/workspace/code-generation/questforge-97559-97565/questforge/src'

ERROR in ./src/App.js 11:0-47
Module not found: Error: Can't resolve './components/Inventory' in '/home/kavia/workspace/code-generation/questforge-97559-97565/questforge/src'

ERROR in ./src/App.js 12:0-51
Module not found: Error: Can't resolve './components/StatDisplay' in '/home/kavia/workspace/code-generation/questforge-97559-97565/questforge/src'

ERROR in ./src/App.js 13:0-45
Module not found: Error: Can't resolve './components/GameOver' in '/home/kavia/workspace/code-generation/questforge-97559-97565/questforge/src'

webpack compiled with 6 errors and 1 warning
Compiling...
Failed to compile.

Module not found: Error: Can't resolve './components/MapExploration' in '/home/kavia/workspace/code-generation/questforge-97559-97565/questforge/src'
WARNING in [eslint] 
src/App.js
  Line 86:6:  React Hook useEffect has missing dependencies: 'calculateVisibleTiles', 'character.position', 'map.height', and 'map.width'. Either include them or remove the dependency array. You can also replace multiple useState variables with useReducer if 'setMap' needs the current value of 'character.position'  react-hooks/exhaustive-deps

ERROR in ./src/App.js 9:0-57
Module not found: Error: Can't resolve './components/MapExploration' in '/home/kavia/workspace/code-generation/questforge-97559-97565/questforge/src'

ERROR in ./src/App.js 10:0-53
Module not found: Error: Can't resolve './components/CombatSystem' in '/home/kavia/workspace/code-generation/questforge-97559-97565/questforge/src'

ERROR in ./src/App.js 11:0-47
Module not found: Error: Can't resolve './components/Inventory' in '/home/kavia/workspace/code-generation/questforge-97559-97565/questforge/src'

ERROR in ./src/App.js 12:0-51
Module not found: Error: Can't resolve './components/StatDisplay' in '/home/kavia/workspace/code-generation/questforge-97559-97565/questforge/src'

ERROR in ./src/App.js 13:0-45
Module not found: Error: Can't resolve './components/GameOver' in '/home/kavia/workspace/code-generation/questforge-97559-97565/questforge/src'

webpack compiled with 5 errors and 1 warning
Compiling...
Failed to compile.

Module not found: Error: Can't resolve './components/CombatSystem' in '/home/kavia/workspace/code-generation/questforge-97559-97565/questforge/src'
WARNING in [eslint] 
src/App.js
  Line 86:6:  React Hook useEffect has missing dependencies: 'calculateVisibleTiles', 'character.position', 'map.height', and 'map.width'. Either include them or remove the dependency array. You can also replace multiple useState variables with useReducer if 'setMap' needs the current value of 'character.position'  react-hooks/exhaustive-deps

ERROR in ./src/App.js 10:0-53
Module not found: Error: Can't resolve './components/CombatSystem' in '/home/kavia/workspace/code-generation/questforge-97559-97565/questforge/src'

ERROR in ./src/App.js 11:0-47
Module not found: Error: Can't resolve './components/Inventory' in '/home/kavia/workspace/code-generation/questforge-97559-97565/questforge/src'

ERROR in ./src/App.js 12:0-51
Module not found: Error: Can't resolve './components/StatDisplay' in '/home/kavia/workspace/code-generation/questforge-97559-97565/questforge/src'

ERROR in ./src/App.js 13:0-45
Module not found: Error: Can't resolve './components/GameOver' in '/home/kavia/workspace/code-generation/questforge-97559-97565/questforge/src'

webpack compiled with 4 errors and 1 warning
